{"numFailedTestSuites":1,"numFailedTests":1,"numPassedTestSuites":0,"numPassedTests":4,"numPendingTestSuites":0,"numPendingTests":0,"numRuntimeErrorTestSuites":0,"numTodoTests":0,"numTotalTestSuites":1,"numTotalTests":5,"openHandles":[],"snapshot":{"added":0,"didUpdate":false,"failure":false,"filesAdded":0,"filesRemoved":0,"filesRemovedList":[],"filesUnmatched":0,"filesUpdated":0,"matched":0,"total":0,"unchecked":0,"uncheckedKeysByFile":[],"unmatched":0,"updated":0},"startTime":1615991863204,"success":false,"testResults":[{"assertionResults":[{"ancestorTitles":["Authentication","Login page","Login"],"failureMessages":[],"fullName":"Authentication Login page Login A user can login with a existing login/password","location":null,"status":"passed","title":"A user can login with a existing login/password"},{"ancestorTitles":["Authentication","Login page","Login"],"failureMessages":["Error: Failed: undefined\n    at Env.fail (C:\\Users\\guill\\AppData\\Roaming\\npm\\node_modules\\jest\\node_modules\\jest-jasmine2\\build\\jasmine\\Env.js:722:61)\n    at fail (C:\\Users\\guill\\AppData\\Roaming\\npm\\node_modules\\jest\\node_modules\\jest-jasmine2\\build\\jasmine\\jasmineLight.js:156:23)\n    at Object.<anonymous> (D:\\projects\\feature-map\\test\\test.spec.ts:13:17)\n    at Object.asyncJestTest (C:\\Users\\guill\\AppData\\Roaming\\npm\\node_modules\\jest\\node_modules\\jest-jasmine2\\build\\jasmineAsyncInstall.js:106:37)\n    at C:\\Users\\guill\\AppData\\Roaming\\npm\\node_modules\\jest\\node_modules\\jest-jasmine2\\build\\queueRunner.js:45:12\n    at new Promise (<anonymous>)\n    at mapper (C:\\Users\\guill\\AppData\\Roaming\\npm\\node_modules\\jest\\node_modules\\jest-jasmine2\\build\\queueRunner.js:28:19)\n    at C:\\Users\\guill\\AppData\\Roaming\\npm\\node_modules\\jest\\node_modules\\jest-jasmine2\\build\\queueRunner.js:75:41\n    at processTicksAndRejections (internal/process/task_queues.js:93:5)"],"fullName":"Authentication Login page Login A user is rejected with a wrong login/password","location":null,"status":"failed","title":"A user is rejected with a wrong login/password"},{"ancestorTitles":["Authentication","Login page","Forgot password"],"failureMessages":[],"fullName":"Authentication Login page Forgot password A email is sent when providing a registered email","location":null,"status":"passed","title":"A email is sent when providing a registered email"},{"ancestorTitles":["Authentication","Login page","Forgot password"],"failureMessages":[],"fullName":"Authentication Login page Forgot password the same message is displayed when a non-existing email is provided","location":null,"status":"passed","title":"the same message is displayed when a non-existing email is provided"},{"ancestorTitles":["Main application","Account management","User profile"],"failureMessages":[],"fullName":"Main application Account management User profile A user can change his profile picture","location":null,"status":"passed","title":"A user can change his profile picture"}],"endTime":1615991865406,"message":"\u001b[1m\u001b[31m  \u001b[1m● \u001b[22m\u001b[1mAuthentication › Login page › Login › A user is rejected with a wrong login/password\u001b[39m\u001b[22m\n\n    Failed: undefined\n\u001b[2m\u001b[22m\n\u001b[2m    \u001b[0m \u001b[90m 11 | \u001b[39m            })\u001b[0m\u001b[22m\n\u001b[2m    \u001b[0m \u001b[90m 12 | \u001b[39m            test(\u001b[32m\"A user is rejected with a wrong login/password\"\u001b[39m\u001b[33m,\u001b[39m () \u001b[33m=>\u001b[39m {\u001b[0m\u001b[22m\n\u001b[2m    \u001b[0m\u001b[31m\u001b[1m>\u001b[22m\u001b[2m\u001b[39m\u001b[90m 13 | \u001b[39m                fail()\u001b[33m;\u001b[39m\u001b[0m\u001b[22m\n\u001b[2m    \u001b[0m \u001b[90m    | \u001b[39m                \u001b[31m\u001b[1m^\u001b[22m\u001b[2m\u001b[39m\u001b[0m\u001b[22m\n\u001b[2m    \u001b[0m \u001b[90m 14 | \u001b[39m            })\u001b[0m\u001b[22m\n\u001b[2m    \u001b[0m \u001b[90m 15 | \u001b[39m        })\u001b[33m;\u001b[39m\u001b[0m\u001b[22m\n\u001b[2m    \u001b[0m \u001b[90m 16 | \u001b[39m    \u001b[0m\u001b[22m\n\u001b[2m\u001b[22m\n\u001b[2m      \u001b[2mat Env.fail (\u001b[22m\u001b[2mC:/Users/guill/AppData/Roaming/npm/node_modules/jest/node_modules/jest-jasmine2/build/jasmine/Env.js\u001b[2m:722:61)\u001b[22m\u001b[2m\u001b[22m\n\u001b[2m      \u001b[2mat Object.<anonymous> (\u001b[22m\u001b[2m\u001b[0m\u001b[36mtest/test.spec.ts\u001b[39m\u001b[0m\u001b[2m:13:17)\u001b[22m\u001b[2m\u001b[22m\n","name":"D:\\projects\\feature-map\\test\\test.spec.ts","startTime":1615991863280,"status":"failed","summary":""}],"wasInterrupted":false}